
Log Entry : 12:00:19 p. m.
    :[FAIL=RowNumber:3,UUID:0DD8D1F7-F3A3-41B8-9FA7-F1287C499EA5]: El UUID no existe en el portal
-------------------------------

Log Entry : 12:00:19 p. m.
    :[FAIL=RowNumber:4,UUID:0FF9867B-E8A5-4C76-8D6B-1B6C690AA965]: El UUID no existe en el portal
-------------------------------

Log Entry : 12:00:19 p. m.
    :[FAIL=RowNumber:5,UUID:113B44BF-CDDB-47A7-A354-321E6D89F786]: El UUID no existe en el portal
-------------------------------

Log Entry : 12:00:19 p. m.
    :[FAIL=RowNumber:6,UUID:1798304E-7EC4-4036-987B-EEFDD64BA1CA]: El UUID no existe en el portal
-------------------------------

Log Entry : 12:00:19 p. m.
    :[FAIL=RowNumber:7,UUID:1BA9D24E-2C75-4022-8E35-FDB7AB0C229C]: El UUID no existe en el portal
-------------------------------

Log Entry : 12:00:19 p. m.
    :[FAIL=RowNumber:8,UUID:1C18EA62-A0DB-41D9-A0D1-652135C0D329]: El UUID no existe en el portal
-------------------------------

Log Entry : 12:00:19 p. m.
    :[FAIL=RowNumber:9,UUID:1DA95EA4-A3CD-452B-8BFC-8EE7E6E2FD0F]: El UUID no existe en el portal
-------------------------------

Log Entry : 12:00:19 p. m.
    :[FAIL=RowNumber:10,UUID:1E12DAD9-7691-4358-A357-4F59D9C3F82B]: El UUID no existe en el portal
-------------------------------

Log Entry : 12:00:19 p. m.
    :[FAIL=RowNumber:11,UUID:1F6A6336-1CFA-43ED-A821-260FE1F4713B]: El UUID no existe en el portal
-------------------------------

Log Entry : 12:00:19 p. m.
    :[FAIL=RowNumber:12,UUID:230BDE83-B87A-4879-BA25-2099C2361596]: El UUID no existe en el portal
-------------------------------

Log Entry : 12:00:19 p. m.
    :[FAIL=RowNumber:13,UUID:259CCA8C-A157-442E-92EF-DBD5E22273DF]: El UUID no existe en el portal
-------------------------------

Log Entry : 12:00:19 p. m.
    :[FAIL=RowNumber:14,UUID:27C3F9A9-B353-4336-9A58-8EFD87C43A04]: El UUID no existe en el portal
-------------------------------

Log Entry : 12:00:19 p. m.
    :[FAIL=RowNumber:15,UUID:3290DFAB-DE86-4850-A540-9AB6918E26B3]: El UUID no existe en el portal
-------------------------------

Log Entry : 12:00:19 p. m.
    :[FAIL=RowNumber:16,UUID:33F75113-7718-4EF8-939B-EFE261F1821B]: El UUID no existe en el portal
-------------------------------

Log Entry : 12:00:19 p. m.
    :[FAIL=RowNumber:17,UUID:3A7A6599-FC24-4024-A81C-66BE21582DF7]: El UUID no existe en el portal
-------------------------------

Log Entry : 12:00:19 p. m.
    :[FAIL=RowNumber:18,UUID:45E55A40-D8C0-47AF-8C53-6F354D47A070]: El UUID no existe en el portal
-------------------------------

Log Entry : 12:00:19 p. m.
    :[FAIL=RowNumber:19,UUID:479FF6EB-A58B-41F5-BF7A-C8156682B34E]: El UUID no existe en el portal
-------------------------------

Log Entry : 12:00:19 p. m.
    :[FAIL=RowNumber:20,UUID:4837C0D0-F8C1-4318-8FE7-50901101A276]: El UUID no existe en el portal
-------------------------------

Log Entry : 12:00:19 p. m.
    :[FAIL=RowNumber:21,UUID:492D3CD3-884F-4536-BFCC-47FA0D382B98]: El UUID no existe en el portal
-------------------------------

Log Entry : 12:00:19 p. m.
    :[FAIL=RowNumber:22,UUID:4B104BBC-A966-4937-96AE-E1D0831D397A]: El UUID no existe en el portal
-------------------------------

Log Entry : 12:00:19 p. m.
    :[FAIL=RowNumber:23,UUID:4BBF1C85-A7D3-425C-A59F-6410FF1FCA40]: El UUID no existe en el portal
-------------------------------

Log Entry : 12:00:19 p. m.
    :[FAIL=RowNumber:24,UUID:4DEBCB99-CB4E-42B4-A91C-2C5A256ACF8B]: El UUID no existe en el portal
-------------------------------

Log Entry : 12:00:19 p. m.
    :[FAIL=RowNumber:25,UUID:5A1D370B-6F98-43B7-84E3-BEEA6312A9E8]: El UUID no existe en el portal
-------------------------------

Log Entry : 12:00:19 p. m.
    :[FAIL=RowNumber:26,UUID:655607F3-9863-446A-9DF9-1B7E80DDE302]: El UUID no existe en el portal
-------------------------------

Log Entry : 12:00:19 p. m.
    :[FAIL=RowNumber:27,UUID:6D428A42-45E6-4621-9716-A9285601120D]: El UUID no existe en el portal
-------------------------------

Log Entry : 12:00:19 p. m.
    :[FAIL=RowNumber:28,UUID:6E478857-1644-4C3B-BC79-DEE927972F0F]: El UUID no existe en el portal
-------------------------------

Log Entry : 12:00:19 p. m.
    :[FAIL=RowNumber:29,UUID:6E562AC7-9A41-4F77-9824-BC0C806DAE8B]: El UUID no existe en el portal
-------------------------------

Log Entry : 12:00:19 p. m.
    :[FAIL=RowNumber:30,UUID:6F1FCE12-1085-4D57-9CAE-6696F0090CC5]: El UUID no existe en el portal
-------------------------------

Log Entry : 12:00:19 p. m.
    :[FAIL=RowNumber:31,UUID:70A00590-EAAB-4363-A939-AE8B4F0A2388]: El UUID no existe en el portal
-------------------------------

Log Entry : 12:00:19 p. m.
    :[FAIL=RowNumber:32,UUID:758F3EAF-A3E5-47FD-844F-444BB8C7A14B]: El UUID no existe en el portal
-------------------------------

Log Entry : 12:00:19 p. m.
    :[FAIL=RowNumber:33,UUID:7AE271FA-0307-47A2-8B28-01D455403E9F]: El UUID no existe en el portal
-------------------------------

Log Entry : 12:00:19 p. m.
    :[FAIL=RowNumber:34,UUID:7F4D3D87-5B9F-45CA-A576-F6C4D7F951E6]: El UUID no existe en el portal
-------------------------------

Log Entry : 12:00:19 p. m.
    :[FAIL=RowNumber:35,UUID:83A4A60C-D495-4083-A258-6DC1D6A606BF]: El UUID no existe en el portal
-------------------------------

Log Entry : 12:00:19 p. m.
    :[FAIL=RowNumber:36,UUID:842A1DB5-8B6F-4E69-9B03-4DD28A8D5B49]: El UUID no existe en el portal
-------------------------------

Log Entry : 12:00:19 p. m.
    :[FAIL=RowNumber:37,UUID:874CF4F7-9E36-4FE8-A950-7F3A2EC574AB]: El UUID no existe en el portal
-------------------------------

Log Entry : 12:00:19 p. m.
    :[FAIL=RowNumber:38,UUID:8D496073-BC46-4909-9358-01C6E10E4E80]: El UUID no existe en el portal
-------------------------------

Log Entry : 12:00:19 p. m.
    :[FAIL=RowNumber:39,UUID:90357A4C-70A9-4D84-8533-D0C7352B11AD]: El UUID no existe en el portal
-------------------------------

Log Entry : 12:00:19 p. m.
    :[FAIL=RowNumber:40,UUID:90BB9229-A151-474A-8B6F-73E72E6A861C]: El UUID no existe en el portal
-------------------------------

Log Entry : 12:00:19 p. m.
    :[FAIL=RowNumber:41,UUID:94F855D6-9443-47AE-BF6B-B1F91EE8549D]: El UUID no existe en el portal
-------------------------------

Log Entry : 12:00:20 p. m.
    :[FAIL=RowNumber:42,UUID:9582D4E6-3CEE-4F2C-8DA3-89E8E12E26B3]: El UUID no existe en el portal
-------------------------------

Log Entry : 12:00:20 p. m.
    :[FAIL=RowNumber:43,UUID:9BF248E2-523F-4810-962A-2B1A165E1462]: El UUID no existe en el portal
-------------------------------

Log Entry : 12:00:20 p. m.
    :[FAIL=RowNumber:44,UUID:A7877855-817F-4C03-98BA-490E816962A7]: El UUID no existe en el portal
-------------------------------

Log Entry : 12:00:20 p. m.
    :[FAIL=RowNumber:45,UUID:AA7321EC-EE2A-496A-94E1-2B10A54E03C4]: El UUID no existe en el portal
-------------------------------

Log Entry : 12:00:20 p. m.
    :[FAIL=RowNumber:46,UUID:AE1D8A5E-8AB1-442D-9307-2226F50DFB6C]: El UUID no existe en el portal
-------------------------------

Log Entry : 12:00:20 p. m.
    :[FAIL=RowNumber:47,UUID:B2738918-71B7-4378-9B81-822C1DFC2CD9]: El UUID no existe en el portal
-------------------------------

Log Entry : 12:00:20 p. m.
    :[FAIL=RowNumber:48,UUID:B2E366CC-E395-49EB-A1A6-8BD472BE6FFA]: El UUID no existe en el portal
-------------------------------

Log Entry : 12:00:20 p. m.
    :[FAIL=RowNumber:49,UUID:B3235975-E2B7-4D5B-8DFE-84DC7DCE59A7]: El UUID no existe en el portal
-------------------------------

Log Entry : 12:00:20 p. m.
    :[FAIL=RowNumber:50,UUID:BB07594F-BD89-42C3-BAB7-D161BE00FBB0]: El UUID no existe en el portal
-------------------------------

Log Entry : 12:00:20 p. m.
    :[FAIL=RowNumber:51,UUID:BE275398-881C-4677-8330-508DA91214C8]: El UUID no existe en el portal
-------------------------------

Log Entry : 12:00:20 p. m.
    :[FAIL=RowNumber:52,UUID:BF8E9E64-514F-47E1-BF24-1B1D6AC588F1]: El UUID no existe en el portal
-------------------------------

Log Entry : 12:00:20 p. m.
    :[FAIL=RowNumber:53,UUID:C1FABE92-DCB9-4B38-AB5E-DD86D4FDBE64]: El UUID no existe en el portal
-------------------------------

Log Entry : 12:00:20 p. m.
    :[FAIL=RowNumber:54,UUID:C225B80B-151C-4A99-9E66-610DB18FF783]: El UUID no existe en el portal
-------------------------------

Log Entry : 12:00:20 p. m.
    :[FAIL=RowNumber:55,UUID:C5628116-5C9A-48EA-9EA3-296B2D803F9F]: El UUID no existe en el portal
-------------------------------

Log Entry : 12:00:20 p. m.
    :[FAIL=RowNumber:56,UUID:C59EFA32-9327-4DEC-927C-C2E3A51276D0]: El UUID no existe en el portal
-------------------------------

Log Entry : 12:00:20 p. m.
    :[FAIL=RowNumber:57,UUID:C62F62F7-249A-4AFB-B5AD-CE6145A6CED4]: El UUID no existe en el portal
-------------------------------

Log Entry : 12:00:20 p. m.
    :[FAIL=RowNumber:58,UUID:CCE19FED-EEE4-4D31-85C9-45B4734C9C39]: El UUID no existe en el portal
-------------------------------

Log Entry : 12:00:20 p. m.
    :[FAIL=RowNumber:59,UUID:D107C265-FE04-423A-BE72-372FDE81BBE0]: El UUID no existe en el portal
-------------------------------

Log Entry : 12:00:20 p. m.
    :[FAIL=RowNumber:60,UUID:D576DAFE-2AFF-466D-B814-F6E7D6042D7D]: El UUID no existe en el portal
-------------------------------

Log Entry : 12:00:20 p. m.
    :[FAIL=RowNumber:61,UUID:DE601FD1-23C6-4146-B4FE-A6651259B1F5]: El UUID no existe en el portal
-------------------------------

Log Entry : 12:00:20 p. m.
    :[FAIL=RowNumber:62,UUID:E4DB847D-DDC7-4D49-9A6B-E3A72BFAC7E5]: El UUID no existe en el portal
-------------------------------

Log Entry : 12:00:20 p. m.
    :[FAIL=RowNumber:63,UUID:E6F30859-EA85-4126-A24D-9D72341669BF]: El UUID no existe en el portal
-------------------------------

Log Entry : 12:00:20 p. m.
    :[FAIL=RowNumber:64,UUID:EB282101-F38A-469A-9C18-ACDCFD66E576]: El UUID no existe en el portal
-------------------------------

Log Entry : 12:00:20 p. m.
    :[FAIL=RowNumber:65,UUID:ED8D0C5C-1B34-4233-89FF-EF4A6EB86619]: El UUID no existe en el portal
-------------------------------

Log Entry : 12:00:20 p. m.
    :[FAIL=RowNumber:66,UUID:EF474A80-9A7D-457D-834D-AD32176E5174]: El UUID no existe en el portal
-------------------------------
