
Log Entry : 11:18:29 a. m.
    :Procesando archivo Plantilla de AP V.5 Septiembre.xlsx
-------------------------------

Log Entry : 11:20:01 a. m.
    :Procesando archivo Plantilla de AP V.5 Septiembre.xlsx
-------------------------------

Log Entry : 11:36:01 a. m.
    :Procesando archivo Plantilla de AP V.5 Septiembre.xlsx
-------------------------------

Log Entry : 11:38:54 a. m.
    :Procesando archivo Plantilla de AP V.5 Septiembre.xlsx
-------------------------------

Log Entry : 11:45:57 a. m.
    :Procesando archivo Plantilla de AP V.5 Septiembre.xlsx
-------------------------------

Log Entry : 11:54:00 a. m.
    :Procesando archivo Plantilla de AP V.5 Septiembre.xlsx
-------------------------------

Log Entry : 11:57:22 a. m.
    :Procesando archivo Plantilla de AP V.5 Septiembre.xlsx
-------------------------------

Log Entry : 12:00:57 p. m.
    :Procesando archivo Plantilla de AP V.5 Septiembre.xlsx
-------------------------------

Log Entry : 12:03:22 p. m.
    :Procesando archivo Plantilla de AP V.5 Septiembre.xlsx
-------------------------------

Log Entry : 12:09:12 p. m.
    :[FINISH]
-------------------------------

Log Entry : 01:03:22 p. m.
    :Procesando archivo Plantilla de AP V.5 Septiembre.xlsx
-------------------------------

Log Entry : 01:07:33 p. m.
    :Procesando archivo Plantilla de AP V.5 Septiembre.xlsx
-------------------------------

Log Entry : 01:08:58 p. m.
    :[FINISH]
-------------------------------

Log Entry : 01:15:36 p. m.
    :Procesando archivo Plantilla de AP V.5 Septiembre.xlsx
-------------------------------

Log Entry : 01:15:36 p. m.
    :[FINISH]
-------------------------------
