
Log Entry : 01:54:31 p. m.
    :[OK=RowNumbers:3-4, UUIDs:98538259-e2d5-4c82-b413-dfbab8326cf5,4FF09BC4-B753-4D4A-8D94-D4BA4DD5D835]
-------------------------------

Log Entry : 01:54:58 p. m.
    :[OK=RowNumbers:5-6, UUIDs:c000b0c5-0d71-4f98-b3e2-85597f9942ed,8613F43C-7B79-4EEE-8098-D4C03E2A4B8B]
-------------------------------

Log Entry : 01:55:05 p. m.
    :[OK=RowNumbers:7-8, UUIDs:a08a9002-47d7-478e-9aa9-85919cb3608d,D5291E9A-E3D7-4985-B9AD-032818B15A84]
-------------------------------

Log Entry : 01:55:05 p. m.
    :[OK=RowNumbers:9-10, UUIDs:9717f504-8b62-46e3-b737-bd5d27b2d097,8C29C70B-DA31-40E1-9F2F-3D2CBE5C3623]
-------------------------------

Log Entry : 01:55:05 p. m.
    :[OK=RowNumbers:11-12, UUIDs:2be2c78a-55be-4e0b-a4f7-bcef1c3dd5cf,1B6006AB-B769-47CC-A010-269028539821]
-------------------------------

Log Entry : 01:55:05 p. m.
    :[OK=RowNumbers:13-14, UUIDs:08df65c7-cc72-482c-bf15-1ad21faa72d3,B30DF3BE-7C42-413B-A7BF-24680FDC0D39]
-------------------------------

Log Entry : 01:55:05 p. m.
    :[OK=RowNumbers:15-16, UUIDs:315ee8fa-b9d4-4f31-89ff-9b7318cadf4a,1F412188-E923-41B9-B841-377AA216C0E6]
-------------------------------

Log Entry : 01:55:05 p. m.
    :[OK=RowNumbers:17-18, UUIDs:a8b3f020-00fe-41aa-ab78-3fd532c60c21,801B5E8E-0281-4C2C-9A2B-4561551118B5]
-------------------------------

Log Entry : 01:55:05 p. m.
    :[OK=RowNumbers:19-20, UUIDs:62695a53-b518-4337-8efb-667d3c61f615,3D3358E1-C109-465B-BBC0-3E3FD2E7546F]
-------------------------------

Log Entry : 01:55:05 p. m.
    :[OK=RowNumbers:21-22, UUIDs:ed4b206f-9fa8-495a-a36e-05df05789bb2,7524127D-F445-46C1-8817-FB57A9C9DC80]
-------------------------------

Log Entry : 01:55:05 p. m.
    :[OK=RowNumbers:23-24, UUIDs:7cb0462e-f404-416d-9d8f-64696d0d7bf5,0F46B896-2A2E-49DB-AFED-A6302EBDD60F]
-------------------------------

Log Entry : 01:55:05 p. m.
    :[OK=RowNumbers:25-26, UUIDs:2e060b36-3125-4f9d-9e5f-300ba0765483,94DF2B3B-324B-4BB8-8FE7-FDC01B6F2FEE]
-------------------------------

Log Entry : 01:55:05 p. m.
    :[OK=RowNumbers:27-28, UUIDs:867961c2-5b5e-42b5-b761-2b5985bd4b77,4A012614-F0A8-410F-BB76-E215DD916605]
-------------------------------

Log Entry : 01:55:05 p. m.
    :[OK=RowNumbers:29-30, UUIDs:0bff5b54-2244-4d38-86a4-c036e107e761,4ABCED9E-3900-40FB-BC1B-8CFF719526FC]
-------------------------------

Log Entry : 01:55:05 p. m.
    :[OK=RowNumbers:31-32, UUIDs:b3081ba4-323d-418f-b770-cc57bd8f033c,663FEB15-BC8D-4A2F-A7FE-4CAF8EC8FE32]
-------------------------------

Log Entry : 01:55:05 p. m.
    :[OK=RowNumbers:33-34, UUIDs:69a286b8-d226-4a7e-9520-6aa373316da5,2E1BE670-61C5-4CF2-916E-05AA784B5551]
-------------------------------

Log Entry : 01:55:05 p. m.
    :[OK=RowNumbers:35-36, UUIDs:0af1d247-bb36-41f2-a0aa-2ca079aa88b4,A91F46D8-1420-4E71-94FD-CA75973406EF]
-------------------------------

Log Entry : 01:55:05 p. m.
    :[FAIL=RowNumbers:37-38, UUIDs:eec7b2ac-e986-4501-a26f-b4aa80f1809d,53C6A065-FB72-48E6-9827-C06FA89DC2BF]: La sumatoria del MontoTotal de los registros del InvoiceNum "45_DSC20170426" (28638.77) no coincide  con el InvoiceAmount (17886.24)
-------------------------------

Log Entry : 01:55:05 p. m.
    :[OK=RowNumbers:39-40, UUIDs:3669effb-d855-45f1-ac59-7d6d979c5761,76062C0F-50F4-492A-A5C4-08BCD32E1216]
-------------------------------

Log Entry : 01:55:05 p. m.
    :[OK=RowNumbers:41-42, UUIDs:9b2cecb9-0544-423c-97ea-18ad68feea63,38F7361C-FC8D-43FD-AF9F-04F8FCA71222]
-------------------------------

Log Entry : 01:55:05 p. m.
    :[OK=RowNumbers:43-44, UUIDs:f261d267-81c3-40bd-9f2d-78730310b661,CEA780E3-B570-45A6-AE75-414BC2EF503A]
-------------------------------
